<?xml version="1.0" encoding="UTF-8"?>
<!-- Generated by org.testng.reporters.JUnitXMLReporter -->
<testsuite hostname="DESKTOP-L25R84A" ignored="2" name="Test" tests="4" failures="0" timestamp="2020-05-11T12:08:10 BST" time="34.697" errors="0">
  <testcase name="verifyTitle" time="0.019" classname="com.qa.orangehrm.test.LoginTest"/>
  <testcase name="loginSetup" time="5.327" classname="com.qa.orangehrm.test.LoginTest"/>
  <testcase name="ClickUsersLink" time="10.726" classname="com.qa.orangehrm.test.HomeTest"/>
  <testcase name="AddUser" time="18.481" classname="com.qa.orangehrm.test.UsersTest"/>
  <testcase name="@BeforeSuite setUp" time="0.0" classname="com.qa.orangehrm.base.TestBase">
    <ignored/>
  </testcase> <!-- @BeforeSuite setUp -->
  <testcase name="@BeforeSuite setUp" time="0.0" classname="com.qa.orangehrm.base.TestBase">
    <ignored/>
  </testcase> <!-- @BeforeSuite setUp -->
</testsuite> <!-- Test -->
