<?xml version="1.0" encoding="UTF-8"?>
<testng-results skipped="0" failed="0" ignored="2" total="6" passed="4">
  <reporter-output>
  </reporter-output>
  <suite name="Suite" duration-ms="34697" started-at="2020-05-11T12:07:35 BST" finished-at="2020-05-11T12:08:10 BST">
    <groups>
    </groups>
    <test name="Test" duration-ms="34697" started-at="2020-05-11T12:07:35 BST" finished-at="2020-05-11T12:08:10 BST">
      <class name="com.qa.orangehrm.test.LoginTest">
        <test-method status="PASS" signature="setUp()[pri:0, instance:com.qa.orangehrm.test.LoginTest@2a742aa2]" name="setUp" is-config="true" duration-ms="8802" started-at="2020-05-11T12:07:26 BST" finished-at="2020-05-11T12:07:35 BST">
          <reporter-output>
          </reporter-output>
        </test-method> <!-- setUp -->
        <test-method status="PASS" signature="getLoginProperties()[pri:0, instance:com.qa.orangehrm.test.LoginTest@2a742aa2]" name="getLoginProperties" is-config="true" duration-ms="2" started-at="2020-05-11T12:07:35 BST" finished-at="2020-05-11T12:07:35 BST">
          <reporter-output>
          </reporter-output>
        </test-method> <!-- getLoginProperties -->
        <test-method status="PASS" signature="verifyTitle()[pri:0, instance:com.qa.orangehrm.test.LoginTest@2a742aa2]" name="verifyTitle" duration-ms="19" started-at="2020-05-11T12:07:35 BST" finished-at="2020-05-11T12:07:35 BST">
          <reporter-output>
          </reporter-output>
        </test-method> <!-- verifyTitle -->
        <test-method status="PASS" signature="getLoginProperties()[pri:0, instance:com.qa.orangehrm.test.LoginTest@2a742aa2]" name="getLoginProperties" is-config="true" duration-ms="2" started-at="2020-05-11T12:07:35 BST" finished-at="2020-05-11T12:07:35 BST">
          <reporter-output>
          </reporter-output>
        </test-method> <!-- getLoginProperties -->
        <test-method status="PASS" signature="loginSetup()[pri:1, instance:com.qa.orangehrm.test.LoginTest@2a742aa2]" name="loginSetup" duration-ms="5327" started-at="2020-05-11T12:07:35 BST" finished-at="2020-05-11T12:07:41 BST">
          <reporter-output>
          </reporter-output>
        </test-method> <!-- loginSetup -->
      </class> <!-- com.qa.orangehrm.test.LoginTest -->
      <class name="com.qa.orangehrm.test.UsersTest">
        <test-method status="PASS" signature="CallUserPage()[pri:0, instance:com.qa.orangehrm.test.UsersTest@3cb1ffe6]" name="CallUserPage" is-config="true" duration-ms="38" started-at="2020-05-11T12:07:35 BST" finished-at="2020-05-11T12:07:35 BST">
          <reporter-output>
          </reporter-output>
        </test-method> <!-- CallUserPage -->
        <test-method status="PASS" signature="AddUser()[pri:0, instance:com.qa.orangehrm.test.UsersTest@3cb1ffe6]" name="AddUser" duration-ms="18481" started-at="2020-05-11T12:07:51 BST" finished-at="2020-05-11T12:08:10 BST">
          <reporter-output>
          </reporter-output>
        </test-method> <!-- AddUser -->
      </class> <!-- com.qa.orangehrm.test.UsersTest -->
      <class name="com.qa.orangehrm.test.HomeTest">
        <test-method status="PASS" signature="GetHomeProperties()[pri:0, instance:com.qa.orangehrm.test.HomeTest@3dfc5fb8]" name="GetHomeProperties" is-config="true" duration-ms="4" started-at="2020-05-11T12:07:41 BST" finished-at="2020-05-11T12:07:41 BST">
          <reporter-output>
          </reporter-output>
        </test-method> <!-- GetHomeProperties -->
        <test-method status="PASS" signature="ClickUsersLink()[pri:1, instance:com.qa.orangehrm.test.HomeTest@3dfc5fb8]" name="ClickUsersLink" duration-ms="10726" started-at="2020-05-11T12:07:41 BST" finished-at="2020-05-11T12:07:51 BST">
          <reporter-output>
          </reporter-output>
        </test-method> <!-- ClickUsersLink -->
      </class> <!-- com.qa.orangehrm.test.HomeTest -->
    </test> <!-- Test -->
  </suite> <!-- Suite -->
</testng-results>
